<?xml version="1.0" encoding="UTF-8"?>
<testng-results ignored="0" total="0" passed="0" failed="0" skipped="0">
  <reporter-output>
  </reporter-output>
  <suite started-at="2024-10-03T16:20:28Z" name="Default Suite" finished-at="2024-10-03T16:20:28Z" duration-ms="16">
    <groups>
    </groups>
    <test started-at="2024-10-03T16:20:28Z" name="seleniumPractice" finished-at="2024-10-03T16:20:28Z" duration-ms="16">
    </test> <!-- seleniumPractice -->
  </suite> <!-- Default Suite -->
</testng-results>
